16-Dec-2022 09:51:26 IST [http-nio-9898-exec-1] -5p com.elementsoftech.mainController.mainConroller home - calling to addorder Method... 
16-Dec-2022 09:51:26 IST [http-nio-9898-exec-1] -5p com.elementsoftech.mainController.mainConroller home - oderHeader [id=902, userName=Rohit p, userMob=Rohit@gmail.com, address=pune, productName=Mobile, productQty=123] 
16-Dec-2022 09:54:04 IST [http-nio-9898-exec-9] -5p com.elementsoftech.mainController.mainConroller home - calling to addorder Method... 
16-Dec-2022 09:54:04 IST [http-nio-9898-exec-9] -5p com.elementsoftech.mainController.mainConroller home - oderHeader [id=903, userName=Rohit shinde, userMob=Rohit@gmail.com, address=pune, productName=Mobile, productQty=123] 
17-Dec-2022 01:43:47 IST [http-nio-9898-exec-1] -5p com.elementsoftech.mainController.mainConroller home - calling to addorder Method... 
17-Dec-2022 01:50:30 IST [http-nio-9898-exec-3] -5p com.elementsoftech.mainController.mainConroller home - calling to addorder Method... 
17-Dec-2022 02:01:09 IST [http-nio-9898-exec-1] -5p com.elementsoftech.mainController.mainConroller home - calling to addorder Method... 
18-Dec-2022 07:03:46 IST [http-nio-9898-exec-1] -5p com.elementsoftech.mainController.mainConroller home - calling to addorder Method... 
18-Dec-2022 07:16:06 IST [http-nio-9898-exec-2] -5p com.elementsoftech.mainController.mainConroller home - calling to addorder Method... 
18-Dec-2022 07:16:06 IST [http-nio-9898-exec-2] -5p com.elementsoftech.mainController.mainConroller home - OrderHeader [id=2, userName=Rohit shinde, userMob=Rohit@gmail.com, userEmail=null, purchaseOrderNumber=1212, purchaseOrderDate=null, orderItems=OrderItems [id=1, productNumber=12, productDescription=modile, productQty=2, productPrice=500], address=Address [id=1, addressNume=null, address1=wagholi, address2=pune, city=pune, state=MH, postalCode=43222]] 
20-Dec-2022 10:16:50 IST [http-nio-9898-exec-1] -5p com.elementsoftech.mainController.mainConroller home - calling to addorder Method... 
20-Dec-2022 10:17:40 IST [http-nio-9898-exec-4] -5p com.elementsoftech.mainController.mainConroller home - calling to addorder Method... 
20-Dec-2022 10:18:49 IST [http-nio-9898-exec-6] -5p com.elementsoftech.mainController.mainConroller home - calling to addorder Method... 
20-Dec-2022 10:18:49 IST [http-nio-9898-exec-6] -5p com.elementsoftech.mainController.mainConroller home - OrderHeader [id=3, userName=Rohit , userMob=Rohit@gmail.com, userEmail=null, purchaseOrderNumber=1212, purchaseOrderDate=null, orderItems=OrderItems [id=3, productNumber=12, productDescription=modile, productQty=2, productPrice=500], address=Address [id=4, addressNume=null, address1=wagholi, address2=pune, city=pune, state=MH, postalCode=43222]] 
20-Dec-2022 10:36:06 IST [http-nio-9898-exec-2] -5p com.elementsoftech.mainController.mainConroller home - calling to addorder Method... 
20-Dec-2022 10:36:07 IST [http-nio-9898-exec-2] -5p com.elementsoftech.mainController.mainConroller home - OrderHeader [id=52, userName=Rohit K, userMob=Rohit@gmail.com, userEmail=null, purchaseOrderNumber=1212, purchaseOrderDate=null, orderItems=OrderItems [id=52, productNumber=12, productDescription=modile, productQty=2, productPrice=500], address=Address [id=52, addressNume=null, address1=wagholi, address2=pune, city=pune, state=MH, postalCode=43222]] 
20-Dec-2022 10:50:17 IST [http-nio-9898-exec-1] -5p com.elementsoftech.mainController.mainConroller home - calling to addorder Method... 
20-Dec-2022 11:37:18 IST [http-nio-9898-exec-2] -5p com.elementsoftech.mainController.mainConroller home - calling to addorder Method... 
20-Dec-2022 11:37:18 IST [http-nio-9898-exec-2] -5p com.elementsoftech.mainController.mainConroller home - OrderHeader [id=152, userName=Rohit Kal, userMob=Rohit@gmail.com, userEmail=null, purchaseOrderNumber=1212, purchaseOrderDate=null, orderItems=OrderItems [id=152, productNumber=12, productDescription=modile, productQty=2, productPrice=500], address=Address [id=152, addressNume=null, address1=wagholi, address2=pune, city=pune, state=MH, postalCode=43222]] 
20-Dec-2022 11:38:35 IST [http-nio-9898-exec-2] -5p com.elementsoftech.mainController.mainConroller home - calling to addorder Method... 
20-Dec-2022 11:38:35 IST [http-nio-9898-exec-2] -5p com.elementsoftech.mainController.mainConroller home - OrderHeader [id=202, userName=Rohit Kalke, userMob=Rohit@gmail.com, userEmail=null, purchaseOrderNumber=1212, purchaseOrderDate=null, orderItems=OrderItems [id=202, productNumber=12, productDescription=modile, productQty=2, productPrice=500], address=Address [id=202, addressNume=null, address1=wagholi, address2=pune, city=pune, state=MH, postalCode=43222]] 
20-Dec-2022 11:38:55 IST [http-nio-9898-exec-3] -5p com.elementsoftech.mainController.mainConroller home - calling to addorder Method... 
20-Dec-2022 11:38:55 IST [http-nio-9898-exec-3] -5p com.elementsoftech.mainController.mainConroller home - OrderHeader [id=203, userName=Rohit Kalke, userMob=Rohit@gmail.com, userEmail=null, purchaseOrderNumber=1212, purchaseOrderDate=null, orderItems=OrderItems [id=203, productNumber=12, productDescription=modile, productQty=2, productPrice=500], address=Address [id=203, addressNume=null, address1=wagholi, address2=pune, city=pune, state=MH, postalCode=43222]] 
20-Dec-2022 11:39:01 IST [http-nio-9898-exec-4] -5p com.elementsoftech.mainController.mainConroller home - calling to addorder Method... 
20-Dec-2022 11:39:01 IST [http-nio-9898-exec-4] -5p com.elementsoftech.mainController.mainConroller home - OrderHeader [id=204, userName=Rohit Kalke, userMob=Rohit@gmail.com, userEmail=null, purchaseOrderNumber=1212, purchaseOrderDate=null, orderItems=OrderItems [id=204, productNumber=12, productDescription=modile, productQty=2, productPrice=500], address=Address [id=204, addressNume=null, address1=wagholi, address2=pune, city=pune, state=MH, postalCode=43222]] 
20-Dec-2022 11:41:17 IST [http-nio-9898-exec-2] -5p com.elementsoftech.mainController.mainConroller home - calling to addorder Method... 
20-Dec-2022 11:41:17 IST [http-nio-9898-exec-2] -5p com.elementsoftech.mainController.mainConroller home - OrderHeader [id=252, userName=Rohit Kalke, userMob=Rohit@gmail.com, userEmail=null, purchaseOrderNumber=1212, purchaseOrderDate=null, orderItems=OrderItems [id=252, productNumber=12, productDescription=modile, productQty=2, productPrice=500], address=Address [id=252, addressNume=null, address1=wagholi, address2=pune, city=pune, state=MH, postalCode=43222]] 
20-Dec-2022 11:47:03 IST [http-nio-9898-exec-2] -5p com.elementsoftech.mainController.mainConroller home - calling to addorder Method... 
21-Dec-2022 12:03:27 IST [http-nio-9898-exec-2] -5p com.elementsoftech.mainController.mainConroller home - calling to addorder Method... 
21-Dec-2022 12:04:33 IST [http-nio-9898-exec-2] -5p com.elementsoftech.mainController.mainConroller home - calling to addorder Method... 
21-Dec-2022 12:09:33 IST [http-nio-9898-exec-7] -5p com.elementsoftech.mainController.mainConroller home - calling to addorder Method... 
21-Dec-2022 12:12:18 IST [http-nio-9898-exec-1] -5p com.elementsoftech.mainController.mainConroller home - calling to addorder Method... 
21-Dec-2022 12:21:07 IST [http-nio-9898-exec-1] -5p com.elementsoftech.mainController.mainConroller home - calling to addorder Method... 
21-Dec-2022 12:21:07 IST [http-nio-9898-exec-1] -5p com.elementsoftech.mainController.mainConroller home - OrderHeader [id=552, userName=Rohit Kalke, userMob=Rohit@gmail.com, userEmail=null, purchaseOrderNumber=1, purchaseOrderDate=null, orderItems=OrderItems [id=552, productNumber=12, productDescription=modile, productQty=2, productPrice=500], address=Address [id=552, addressNume=null, address1=wagholi, address2=pune, city=pune, state=MH, postalCode=43222]] 
21-Dec-2022 12:21:55 IST [http-nio-9898-exec-1] -5p com.elementsoftech.mainController.mainConroller home - calling to addorder Method... 
21-Dec-2022 12:21:55 IST [http-nio-9898-exec-1] -5p com.elementsoftech.mainController.mainConroller home - OrderHeader [id=602, userName=Rohit Kalke, userMob=Rohit@gmail.com, userEmail=null, purchaseOrderNumber=1, purchaseOrderDate=null, orderItems=OrderItems [id=602, productNumber=12, productDescription=modile, productQty=2, productPrice=500], address=Address [id=602, addressNume=null, address1=wagholi, address2=pune, city=pune, state=MH, postalCode=43222]] 
21-Dec-2022 12:30:54 IST [http-nio-9898-exec-4] -5p com.elementsoftech.mainController.mainConroller home - calling to addorder Method... 
21-Dec-2022 12:30:54 IST [http-nio-9898-exec-4] -5p com.elementsoftech.mainController.mainConroller home - OrderHeader [id=652, userName=Rohit Kalke, userMob=Rohit@gmail.com, userEmail=null, purchaseOrderNumber=1, purchaseOrderDate=null, orderItems=OrderItems [id=652, productNumber=12, productDescription=modile, productQty=2, productPrice=500], address=Address [id=652, addressNume=null, address1=wagholi, address2=pune, city=pune, state=MH, postalCode=43222]] 
21-Dec-2022 12:42:25 IST [http-nio-9898-exec-4] -5p com.elementsoftech.mainController.mainConroller home - calling to addorder Method... 
21-Dec-2022 12:46:06 IST [http-nio-9898-exec-2] -5p com.elementsoftech.mainController.mainConroller home - calling to addorder Method... 
21-Dec-2022 12:52:57 IST [http-nio-9898-exec-2] -5p com.elementsoftech.mainController.mainConroller home - calling to addorder Method... 
21-Dec-2022 12:54:06 IST [http-nio-9898-exec-2] -5p com.elementsoftech.mainController.mainConroller home - calling to addorder Method... 
21-Dec-2022 12:54:36 IST [http-nio-9898-exec-1] -5p com.elementsoftech.mainController.mainConroller home - calling to addorder Method... 
21-Dec-2022 01:12:22 IST [http-nio-9898-exec-1] -5p com.elementsoftech.mainController.mainConroller home - calling to addorder Method... 
21-Dec-2022 01:12:22 IST [http-nio-9898-exec-1] -5p com.elementsoftech.mainController.mainConroller home - OrderHeader [id=1, userName=Rohit Kalke, userMob=Rohit@gmail.com, userEmail=null, purchaseOrderNumber=1, purchaseOrderDate=null, orderItems=OrderItems [id=1, productNumber=12, productDescription=modile, productQty=2, productPrice=500], address=Address [id=1, addressNume=null, address1=wagholi, address2=pune, city=pune, state=MH, postalCode=43222]] 
21-Dec-2022 01:13:55 IST [http-nio-9898-exec-3] -5p com.elementsoftech.mainController.mainConroller home - calling to addorder Method... 
21-Dec-2022 01:13:55 IST [http-nio-9898-exec-3] -5p com.elementsoftech.mainController.mainConroller home - OrderHeader [id=null, userName=Rohit Kal, userMob=Rohit@gmail.com, userEmail=null, purchaseOrderNumber=1, purchaseOrderDate=null, orderItems=OrderItems [id=null, productNumber=12, productDescription=modile, productQty=2, productPrice=500], address=Address [id=null, addressNume=null, address1=wagholi, address2=pune, city=pune, state=MH, postalCode=43222]] 
21-Dec-2022 01:27:05 IST [http-nio-9898-exec-2] -5p com.elementsoftech.mainController.mainConroller home - calling to addorder Method... 
21-Dec-2022 01:29:37 IST [http-nio-9898-exec-2] -5p com.elementsoftech.mainController.mainConroller home - calling to addorder Method... 
21-Dec-2022 01:29:37 IST [http-nio-9898-exec-2] -5p com.elementsoftech.mainController.mainConroller home - OrderHeader [id=null, userName=Rohit Kal, userMob=Rohit@gmail.com, userEmail=null, purchaseOrderNumber=1, purchaseOrderDate=null, orderItems=OrderItems [id=null, productNumber=12, productDescription=modile, productQty=2, productPrice=500], address=Address [id=null, addressNume=null, address1=wagholi, address2=pune, city=pune, state=MH, postalCode=43222]] 
22-Dec-2022 12:15:39 IST [http-nio-9898-exec-2] -5p com.elementsoftech.mainController.mainConroller home - calling to addorder Method... 
22-Dec-2022 12:15:39 IST [http-nio-9898-exec-2] -5p com.elementsoftech.mainController.mainConroller home - OrderHeader [id=1, userName=Rohit Kal, userMob=Rohit@gmail.com, userEmail=null, purchaseOrderNumber=1, purchaseOrderDate=null, orderItems=OrderItems [id=1, productNumber=12, productDescription=modile, productQty=2, productPrice=500], address=Address [id=1, addressNume=null, address1=wagholi, address2=pune, city=pune, state=MH, postalCode=43222]] 
22-Dec-2022 12:18:37 IST [http-nio-9898-exec-2] -5p com.elementsoftech.mainController.mainConroller home - calling to addorder Method... 
22-Dec-2022 12:18:37 IST [http-nio-9898-exec-2] -5p com.elementsoftech.mainController.mainConroller home - OrderHeader [id=2, userName=Rohit Kalkekar, userMob=Rohit@gmail.com, userEmail=null, purchaseOrderNumber=1, purchaseOrderDate=2022-12-22, orderItems=OrderItems [id=2, productNumber=12, productDescription=modile, productQty=2, productPrice=500], address=Address [id=2, addressNume=null, address1=wagholi, address2=pune, city=pune, state=MH, postalCode=43222]] 
22-Dec-2022 01:32:54 IST [http-nio-9898-exec-7] -5p com.elementsoftech.mainController.mainConroller home - calling to addorder Method... 
22-Dec-2022 01:32:54 IST [http-nio-9898-exec-7] -5p com.elementsoftech.mainController.mainConroller home - OrderHeader [id=52, userName=Rohit Kalkekar2, userMob=Rohit@gmail.com, userEmail=null, purchaseOrderNumber=1, purchaseOrderDate=2022-12-22, orderItems=OrderItems [id=52, productNumber=12, productDescription=modile, productQty=2, productPrice=500], address=Address [id=52, addressNume=null, address1=wagholi, address2=pune, city=pune, state=MH, postalCode=43222]] 
22-Dec-2022 01:41:55 IST [http-nio-9898-exec-1] -5p com.elementsoftech.mainController.mainConroller home - calling to addorder Method... 
22-Dec-2022 01:41:55 IST [http-nio-9898-exec-1] -5p com.elementsoftech.mainController.mainConroller home - OrderHeader [id=102, userName=Rohit Kalkekar2, userMob=Rohit@gmail.com, userEmail=null, purchaseOrderNumber=1, purchaseOrderDate=2022-12-22, orderItems=OrderItems [id=102, productNumber=12, productDescription=modile, productQty=2, productPrice=500], address=Address [id=102, addressNume=null, address1=wagholi, address2=pune, city=pune, state=MH, postalCode=43222]] 
22-Dec-2022 09:03:44 IST [http-nio-9898-exec-2] -5p com.elementsoftech.mainController.mainConroller home - calling to addorder Method... 
22-Dec-2022 09:06:30 IST [http-nio-9898-exec-2] -5p com.elementsoftech.mainController.mainConroller home - OrderHeader [id=152, userName=Rohit Kalkekar2, userMob=9049858882, userEmail=Rohit@gmail.com, purchaseOrderNumber=1, purchaseOrderDate=null, orderItems=OrderItems [id=152, productNumber=12, productDescription=modile, productQty=2, productPrice=500], address=Address [id=152, addressNume=null, address1=wagholi, address2=pune, city=pune, state=MH, postalCode=43222]] 
22-Dec-2022 09:11:40 IST [http-nio-9898-exec-2] -5p com.elementsoftech.mainController.mainConroller home - calling to addorder Method... 
22-Dec-2022 09:11:42 IST [http-nio-9898-exec-2] -5p com.elementsoftech.mainController.mainConroller home - OrderHeader [id=202, userName=Rohit , userMob=9049858882, userEmail=Rohit@gmail.com, purchaseOrderNumber=1, purchaseOrderDate=2022-12-22, orderItems=OrderItems [id=202, productNumber=12, productDescription=modile, productQty=2, productPrice=500], address=Address [id=202, addressNume=null, address1=wagholi, address2=pune, city=pune, state=MH, postalCode=43222]] 
22-Dec-2022 09:47:43 IST [http-nio-9898-exec-5] -5p com.elementsoftech.mainController.mainConroller home - calling to addorder Method... 
22-Dec-2022 09:47:43 IST [http-nio-9898-exec-5] -5p com.elementsoftech.mainController.mainConroller home - OrderHeader [id=252, userName=Rohit patil, userMob=9049858882, userEmail=Rohit@gmail.com, purchaseOrderNumber=1, purchaseOrderDate=2022-12-22, orderItems=OrderItems [id=252, productNumber=12, productDescription=modile, productQty=2, productPrice=500], address=Address [id=252, addressNume=null, address1=wagholi, address2=pune, city=pune, state=MH, postalCode=43222]] 
22-Dec-2022 01:08:12 IST [http-nio-9898-exec-1] -5p com.elementsoftech.mainController.mainConroller home - calling to addorder Method... 
22-Dec-2022 03:43:20 IST [http-nio-9898-exec-1] -5p com.elementsoftech.mainController.mainConroller home - calling to addorder Method... 
22-Dec-2022 03:48:44 IST [http-nio-9898-exec-2] -5p com.elementsoftech.mainController.mainConroller home - calling to addorder Method... 
22-Dec-2022 03:50:22 IST [http-nio-9898-exec-4] -5p com.elementsoftech.mainController.mainConroller home - calling to addorder Method... 
23-Dec-2022 09:28:54 IST [http-nio-9898-exec-2] -5p com.elementsoftech.mainController.mainConroller home - calling to addorder Method... 
27-Dec-2022 03:28:16 IST [http-nio-9898-exec-2] -5p com.elementsoftech.mainController.mainConroller home - calling to addorder Method... 
27-Dec-2022 03:28:44 IST [http-nio-9898-exec-2] -5p com.elementsoftech.mainController.mainConroller home - OrderHeader [id=null, userName=Rohit patil, userMob=9049858882, userEmail=Rohit@gmail.com, purchaseOrderNumber=1, purchaseOrderDate=null, orderItems=OrderItems [id=null, productNumber=12, productDescription=modile, productQty=2, productPrice=500], address=Address [id=null, addressNume=null, address1=wagholi, address2=pune, city=pune, state=MH, postalCode=43222]] 
27-Dec-2022 03:31:16 IST [http-nio-9898-exec-4] -5p com.elementsoftech.mainController.mainConroller home - calling to addorder Method... 
27-Dec-2022 03:32:06 IST [http-nio-9898-exec-4] -5p com.elementsoftech.mainController.mainConroller home - OrderHeader [id=null, userName=Rohit patil, userMob=9049858882, userEmail=Rohit@gmail.com, purchaseOrderNumber=1, purchaseOrderDate=null, orderItems=OrderItems [id=null, productNumber=12, productDescription=modile, productQty=2, productPrice=500], address=Address [id=null, addressNume=null, address1=wagholi, address2=pune, city=pune, state=MH, postalCode=43222]] 
27-Dec-2022 03:36:47 IST [http-nio-9898-exec-2] -5p com.elementsoftech.mainController.mainConroller home - calling to addorder Method... 
27-Dec-2022 03:37:00 IST [http-nio-9898-exec-2] -5p com.elementsoftech.mainController.mainConroller home - OrderHeader [id=null, userName=Rohit patil, userMob=9049858882, userEmail=Rohit@gmail.com, purchaseOrderNumber=1, purchaseOrderDate=null, orderItems=OrderItems [id=null, productNumber=12, productDescription=modile, productQty=2, productPrice=500], address=Address [id=null, addressNume=null, address1=wagholi, address2=pune, city=pune, state=MH, postalCode=43222]] 
27-Dec-2022 11:44:08 IST [http-nio-9898-exec-3] -5p com.elementsoftech.mainController.mainConroller home - calling to addorder Method... 
28-Dec-2022 12:31:09 IST [http-nio-9898-exec-1] -5p com.elementsoftech.mainController.mainConroller home - calling to addorder Method... 
28-Dec-2022 01:23:15 IST [http-nio-9898-exec-1] -5p com.elementsoftech.mainController.mainConroller home - calling to addorder Method... 
28-Dec-2022 01:31:50 IST [http-nio-9898-exec-2] -5p com.elementsoftech.mainController.mainConroller home - calling to addorder Method... 
28-Dec-2022 01:34:06 IST [http-nio-9898-exec-5] -5p com.elementsoftech.mainController.mainConroller home - calling to addorder Method... 
28-Dec-2022 01:34:27 IST [http-nio-9898-exec-5] -5p com.elementsoftech.mainController.mainConroller home - OrderHeader [id=152, userName=Rohit Kalkekar, userMob=9022222222, userEmail=Rohit@gmail.com, purchaseOrderNumber=33, purchaseOrderDate=null, orderItems=OrderItems [id=152, productNumber=22, productDescription=modile, productQty=5, productPrice=500], address=Address [id=152, addressNume=null, address1=wagholi, address2=pune, city=pune, state=MH, postalCode=43222]] 
28-Dec-2022 01:40:05 IST [http-nio-9898-exec-2] -5p com.elementsoftech.mainController.mainConroller home - calling to addorder Method... 
28-Dec-2022 01:40:14 IST [http-nio-9898-exec-2] -5p com.elementsoftech.mainController.mainConroller home - org.springframework.web.client.ResourceAccessException: I/O error on POST request for "http://localhost:2222/bs/saveOrder": Connection refused: connect 
28-Dec-2022 10:15:22 IST [http-nio-9898-exec-1] -5p com.elementsoftech.mainController.mainConroller home - calling to addorder Method... 
28-Dec-2022 10:25:45 IST [http-nio-9898-exec-1] -5p com.elementsoftech.mainController.mainConroller home - calling to addorder Method... 
28-Dec-2022 10:37:16 IST [http-nio-9898-exec-5] -5p com.elementsoftech.mainController.mainConroller home - calling to addorder Method... 
28-Dec-2022 10:37:41 IST [http-nio-9898-exec-5] -5p com.elementsoftech.mainController.mainConroller home - org.springframework.web.client.ResourceAccessException: I/O error on POST request for "http://localhost:2222/save": Connection refused: connect 
28-Dec-2022 10:39:30 IST [http-nio-9898-exec-7] -5p com.elementsoftech.mainController.mainConroller home - calling to addorder Method... 
28-Dec-2022 10:40:26 IST [http-nio-9898-exec-7] -5p com.elementsoftech.mainController.mainConroller home - org.springframework.web.client.ResourceAccessException: I/O error on POST request for "http://localhost:2222/save": Connection refused: connect 
